Determining if the pthread_create exist failed with the following output:
Change Dir: /home/lyle/catkin_ws/build/CMakeFiles/CMakeTmp

Run Build Command:"/usr/bin/make" "cmTC_7ddca/fast"
/usr/bin/make -f CMakeFiles/cmTC_7ddca.dir/build.make CMakeFiles/cmTC_7ddca.dir/build
make[1]: Entering directory '/home/lyle/catkin_ws/build/CMakeFiles/CMakeTmp'
Building C object CMakeFiles/cmTC_7ddca.dir/CheckSymbolExists.c.o
/usr/bin/cc    -o CMakeFiles/cmTC_7ddca.dir/CheckSymbolExists.c.o   -c /home/lyle/catkin_ws/build/CMakeFiles/CMakeTmp/CheckSymbolExists.c
Linking C executable cmTC_7ddca
/usr/bin/cmake -E cmake_link_script CMakeFiles/cmTC_7ddca.dir/link.txt --verbose=1
/usr/bin/cc      -rdynamic CMakeFiles/cmTC_7ddca.dir/CheckSymbolExists.c.o  -o cmTC_7ddca 
CMakeFiles/cmTC_7ddca.dir/CheckSymbolExists.c.o: In function `main':
CheckSymbolExists.c:(.text+0x14): undefined reference to `pthread_create'
CheckSymbolExists.c:(.text+0x18): undefined reference to `pthread_create'
collect2: error: ld returned 1 exit status
CMakeFiles/cmTC_7ddca.dir/build.make:97: recipe for target 'cmTC_7ddca' failed
make[1]: *** [cmTC_7ddca] Error 1
make[1]: Leaving directory '/home/lyle/catkin_ws/build/CMakeFiles/CMakeTmp'
Makefile:126: recipe for target 'cmTC_7ddca/fast' failed
make: *** [cmTC_7ddca/fast] Error 2

File /home/lyle/catkin_ws/build/CMakeFiles/CMakeTmp/CheckSymbolExists.c:
/* */
#include <pthread.h>

int main(int argc, char** argv)
{
  (void)argv;
#ifndef pthread_create
  return ((int*)(&pthread_create))[argc];
#else
  (void)argc;
  return 0;
#endif
}

Determining if the function pthread_create exists in the pthreads failed with the following output:
Change Dir: /home/lyle/catkin_ws/build/CMakeFiles/CMakeTmp

Run Build Command:"/usr/bin/make" "cmTC_088de/fast"
/usr/bin/make -f CMakeFiles/cmTC_088de.dir/build.make CMakeFiles/cmTC_088de.dir/build
make[1]: Entering directory '/home/lyle/catkin_ws/build/CMakeFiles/CMakeTmp'
Building C object CMakeFiles/cmTC_088de.dir/CheckFunctionExists.c.o
/usr/bin/cc   -DCHECK_FUNCTION_EXISTS=pthread_create   -o CMakeFiles/cmTC_088de.dir/CheckFunctionExists.c.o   -c /usr/share/cmake-3.10/Modules/CheckFunctionExists.c
Linking C executable cmTC_088de
/usr/bin/cmake -E cmake_link_script CMakeFiles/cmTC_088de.dir/link.txt --verbose=1
/usr/bin/cc  -DCHECK_FUNCTION_EXISTS=pthread_create    -rdynamic CMakeFiles/cmTC_088de.dir/CheckFunctionExists.c.o  -o cmTC_088de -lpthreads 
/usr/bin/ld: cannot find -lpthreads
collect2: error: ld returned 1 exit status
CMakeFiles/cmTC_088de.dir/build.make:97: recipe for target 'cmTC_088de' failed
make[1]: *** [cmTC_088de] Error 1
make[1]: Leaving directory '/home/lyle/catkin_ws/build/CMakeFiles/CMakeTmp'
Makefile:126: recipe for target 'cmTC_088de/fast' failed
make: *** [cmTC_088de/fast] Error 2


